# JRE version: OpenJDK Runtime Environment (20.0+36) (build 20+36-2344)
# Java VM: OpenJDK 64-Bit Server VM (20+36-2344, mixed mode, sharing, tiered, compressed oops, compressed class ptrs, g1 gc, windows-amd64)
GC Precious Log:
 CardTable entry size: 512
 Card Set container configuration: InlinePtr #cards 5 size 8 Array Of Cards #cards 12 size 40 Howl #buckets 4 coarsen threshold 1843 Howl Bitmap #cards 512 size 80 coarsen threshold 460 Card regions per heap region 1 cards per card region 2048
 CPUs: 12 total, 12 available
 Memory: 32641M
 Large Page Support: Disabled
 NUMA Support: Disabled
 Compressed Oops: Enabled (32-bit)
 Heap Region Size: 1M
 Heap Min Capacity: 256M
 Heap Initial Capacity: 256M
 Heap Max Capacity: 512M
 Pre-touch: Disabled
 Parallel Workers: 10
 Concurrent Workers: 3
 Concurrent Refinement Workers: 10
 Periodic GC: Disabled
Heap:
 garbage-first heap   total 321536K, used 252799K [0x00000000e0000000, 0x0000000100000000)
  region size 1024K, 78 young (79872K), 10 survivors (10240K)
 Metaspace       used 143521K, committed 146240K, reserved 446464K
  class space    used 18636K, committed 20032K, reserved 315392K
GC Heap History (20 events):
Event: 42.916 GC heap before
{Heap before GC invocations=41 (full 0):
 garbage-first heap   total 264192K, used 220781K [0x00000000e0000000, 0x0000000100000000)
  region size 1024K, 122 young (124928K), 9 survivors (9216K)
 Metaspace       used 100442K, committed 102528K, reserved 446464K
  class space    used 13148K, committed 14208K, reserved 315392K
}
Event: 42.926 GC heap after
{Heap after GC invocations=42 (full 0):
 garbage-first heap   total 264192K, used 112809K [0x00000000e0000000, 0x0000000100000000)
  region size 1024K, 16 young (16384K), 16 survivors (16384K)
 Metaspace       used 100442K, committed 102528K, reserved 446464K
  class space    used 13148K, committed 14208K, reserved 315392K
}
Event: 45.520 GC heap before
{Heap before GC invocations=43 (full 0):
 garbage-first heap   total 264192K, used 231593K [0x00000000e0000000, 0x0000000100000000)
  region size 1024K, 133 young (136192K), 16 survivors (16384K)
 Metaspace       used 113804K, committed 116096K, reserved 446464K
  class space    used 14890K, committed 16000K, reserved 315392K
}
Event: 45.533 GC heap after
{Heap after GC invocations=44 (full 0):
 garbage-first heap   total 264192K, used 118849K [0x00000000e0000000, 0x0000000100000000)
  region size 1024K, 14 young (14336K), 14 survivors (14336K)
 Metaspace       used 113804K, committed 116096K, reserved 446464K
  class space    used 14890K, committed 16000K, reserved 315392K
}
Event: 45.889 GC heap before
{Heap before GC invocations=44 (full 0):
 garbage-first heap   total 264192K, used 233537K [0x00000000e0000000, 0x0000000100000000)
  region size 1024K, 127 young (130048K), 14 survivors (14336K)
 Metaspace       used 113897K, committed 116160K, reserved 446464K
  class space    used 14912K, committed 16064K, reserved 315392K
}
Event: 45.899 GC heap after
{Heap after GC invocations=45 (full 0):
 garbage-first heap   total 264192K, used 117483K [0x00000000e0000000, 0x0000000100000000)
  region size 1024K, 8 young (8192K), 8 survivors (8192K)
 Metaspace       used 113897K, committed 116160K, reserved 446464K
  class space    used 14912K, committed 16064K, reserved 315392K
}
Event: 45.985 GC heap before
{Heap before GC invocations=45 (full 0):
 garbage-first heap   total 264192K, used 125675K [0x00000000e0000000, 0x0000000100000000)
  region size 1024K, 17 young (17408K), 8 survivors (8192K)
 Metaspace       used 114108K, committed 116416K, reserved 446464K
  class space    used 14930K, committed 16064K, reserved 315392K
}
Event: 45.991 GC heap after
{Heap after GC invocations=46 (full 0):
 garbage-first heap   total 264192K, used 116673K [0x00000000e0000000, 0x0000000100000000)
  region size 1024K, 7 young (7168K), 7 survivors (7168K)
 Metaspace       used 114108K, committed 116416K, reserved 446464K
  class space    used 14930K, committed 16064K, reserved 315392K
}
Event: 48.669 GC heap before
{Heap before GC invocations=47 (full 0):
 garbage-first heap   total 264192K, used 254913K [0x00000000e0000000, 0x0000000100000000)
  region size 1024K, 130 young (133120K), 7 survivors (7168K)
 Metaspace       used 125398K, committed 127872K, reserved 446464K
  class space    used 16578K, committed 17792K, reserved 315392K
}
Event: 48.680 GC heap after
{Heap after GC invocations=48 (full 0):
 garbage-first heap   total 272384K, used 138257K [0x00000000e0000000, 0x0000000100000000)
  region size 1024K, 17 young (17408K), 17 survivors (17408K)
 Metaspace       used 125398K, committed 127872K, reserved 446464K
  class space    used 16578K, committed 17792K, reserved 315392K
}
Event: 49.925 GC heap before
{Heap before GC invocations=48 (full 0):
 garbage-first heap   total 272384K, used 239633K [0x00000000e0000000, 0x0000000100000000)
  region size 1024K, 116 young (118784K), 17 survivors (17408K)
 Metaspace       used 128503K, committed 131008K, reserved 446464K
  class space    used 16865K, committed 18112K, reserved 315392K
}
Event: 49.937 GC heap after
{Heap after GC invocations=49 (full 0):
 garbage-first heap   total 272384K, used 137216K [0x00000000e0000000, 0x0000000100000000)
  region size 1024K, 2 young (2048K), 2 survivors (2048K)
 Metaspace       used 128503K, committed 131008K, reserved 446464K
  class space    used 16865K, committed 18112K, reserved 315392K
}
Event: 50.429 GC heap before
{Heap before GC invocations=49 (full 0):
 garbage-first heap   total 272384K, used 206848K [0x00000000e0000000, 0x0000000100000000)
  region size 1024K, 71 young (72704K), 2 survivors (2048K)
 Metaspace       used 128747K, committed 131264K, reserved 446464K
  class space    used 16868K, committed 18112K, reserved 315392K
}
Event: 50.439 GC heap after
{Heap after GC invocations=50 (full 0):
 garbage-first heap   total 272384K, used 150372K [0x00000000e0000000, 0x0000000100000000)
  region size 1024K, 15 young (15360K), 15 survivors (15360K)
 Metaspace       used 128747K, committed 131264K, reserved 446464K
  class space    used 16868K, committed 18112K, reserved 315392K
}
Event: 52.082 GC heap before
{Heap before GC invocations=51 (full 0):
 garbage-first heap   total 291840K, used 242532K [0x00000000e0000000, 0x0000000100000000)
  region size 1024K, 104 young (106496K), 15 survivors (15360K)
 Metaspace       used 130856K, committed 133376K, reserved 446464K
  class space    used 17049K, committed 18304K, reserved 315392K
}
Event: 52.096 GC heap after
{Heap after GC invocations=52 (full 0):
 garbage-first heap   total 291840K, used 161046K [0x00000000e0000000, 0x0000000100000000)
  region size 1024K, 11 young (11264K), 11 survivors (11264K)
 Metaspace       used 130856K, committed 133376K, reserved 446464K
  class space    used 17049K, committed 18304K, reserved 315392K
}
Event: 54.519 GC heap before
{Heap before GC invocations=52 (full 0):
 garbage-first heap   total 291840K, used 277782K [0x00000000e0000000, 0x0000000100000000)
  region size 1024K, 111 young (113664K), 11 survivors (11264K)
 Metaspace       used 139673K, committed 142272K, reserved 446464K
  class space    used 18263K, committed 19584K, reserved 315392K
}
Event: 54.533 GC heap after
{Heap after GC invocations=53 (full 0):
 garbage-first heap   total 301056K, used 174304K [0x00000000e0000000, 0x0000000100000000)
  region size 1024K, 10 young (10240K), 10 survivors (10240K)
 Metaspace       used 139673K, committed 142272K, reserved 446464K
  class space    used 18263K, committed 19584K, reserved 315392K
}
Event: 56.782 GC heap before
{Heap before GC invocations=53 (full 0):
 garbage-first heap   total 301056K, used 272608K [0x00000000e0000000, 0x0000000100000000)
  region size 1024K, 106 young (108544K), 10 survivors (10240K)
 Metaspace       used 142850K, committed 145600K, reserved 446464K
  class space    used 18591K, committed 19968K, reserved 315392K
}
Event: 56.794 GC heap after
{Heap after GC invocations=54 (full 0):
 garbage-first heap   total 301056K, used 184191K [0x00000000e0000000, 0x0000000100000000)
  region size 1024K, 10 young (10240K), 10 survivors (10240K)
 Metaspace       used 142850K, committed 145600K, reserved 446464K
  class space    used 18591K, committed 19968K, reserved 315392K
}

